<?xml version="1.0" encoding="UTF-8"?>
<testng-results ignored="0" total="4" passed="3" failed="1" skipped="0">
  <reporter-output>
  </reporter-output>
  <suite started-at="2021-11-19T01:18:03 IST" name="Suite" finished-at="2021-11-19T01:18:21 IST" duration-ms="18031">
    <groups>
    </groups>
    <test started-at="2021-11-19T01:18:03 IST" name="HomePage" finished-at="2021-11-19T01:18:12 IST" duration-ms="9779">
      <class name="seleniumPractice.EndTOEndProject.HomePage">
        <test-method is-config="true" signature="initialize()[pri:0, instance:seleniumPractice.EndTOEndProject.HomePage@2ece4966]" started-at="2021-11-19T01:18:03 IST" name="initialize" finished-at="2021-11-19T01:18:05 IST" duration-ms="2368" status="PASS">
          <reporter-output>
          </reporter-output>
        </test-method> <!-- initialize -->
        <test-method signature="basePageNavigation(java.lang.String,java.lang.String,java.lang.String)[pri:0, instance:seleniumPractice.EndTOEndProject.HomePage@2ece4966]" started-at="2021-11-19T01:18:05 IST" name="basePageNavigation" data-provider="getData" finished-at="2021-11-19T01:18:10 IST" duration-ms="4961" status="PASS">
          <params>
            <param index="0">
              <value>
                <![CDATA[nonrestrictedUser@ds.com]]>
              </value>
            </param>
            <param index="1">
              <value>
                <![CDATA[Password]]>
              </value>
            </param>
            <param index="2">
              <value>
                <![CDATA[nonrestrictedUser]]>
              </value>
            </param>
          </params>
          <reporter-output>
          </reporter-output>
        </test-method> <!-- basePageNavigation -->
        <test-method signature="basePageNavigation(java.lang.String,java.lang.String,java.lang.String)[pri:0, instance:seleniumPractice.EndTOEndProject.HomePage@2ece4966]" started-at="2021-11-19T01:18:10 IST" name="basePageNavigation" data-provider="getData" finished-at="2021-11-19T01:18:12 IST" duration-ms="2299" status="PASS">
          <params>
            <param index="0">
              <value>
                <![CDATA[restrictedUser@ds.com]]>
              </value>
            </param>
            <param index="1">
              <value>
                <![CDATA[Password]]>
              </value>
            </param>
            <param index="2">
              <value>
                <![CDATA[restrictedUser]]>
              </value>
            </param>
          </params>
          <reporter-output>
          </reporter-output>
        </test-method> <!-- basePageNavigation -->
        <test-method is-config="true" signature="tearDown()[pri:0, instance:seleniumPractice.EndTOEndProject.HomePage@2ece4966]" started-at="2021-11-19T01:18:12 IST" name="tearDown" finished-at="2021-11-19T01:18:12 IST" duration-ms="77" status="PASS">
          <reporter-output>
          </reporter-output>
        </test-method> <!-- tearDown -->
      </class> <!-- seleniumPractice.EndTOEndProject.HomePage -->
    </test> <!-- HomePage -->
    <test started-at="2021-11-19T01:18:12 IST" name="ValidateTitle" finished-at="2021-11-19T01:18:17 IST" duration-ms="4372">
      <class name="seleniumPractice.EndTOEndProject.ValidateTitle">
        <test-method is-config="true" signature="initialize()[pri:0, instance:seleniumPractice.EndTOEndProject.ValidateTitle@4baf352a]" started-at="2021-11-19T01:18:12 IST" name="initialize" finished-at="2021-11-19T01:18:16 IST" duration-ms="3635" status="PASS">
          <reporter-output>
          </reporter-output>
        </test-method> <!-- initialize -->
        <test-method signature="basePageNavigation()[pri:0, instance:seleniumPractice.EndTOEndProject.ValidateTitle@4baf352a]" started-at="2021-11-19T01:18:16 IST" name="basePageNavigation" finished-at="2021-11-19T01:18:16 IST" duration-ms="59" status="FAIL">
          <exception class="java.lang.AssertionError">
            <message>
              <![CDATA[expected [FEATURED COURSESsmdmcn] but found [FEATURED COURSES]]]>
            </message>
            <full-stacktrace>
              <![CDATA[java.lang.AssertionError: expected [FEATURED COURSESsmdmcn] but found [FEATURED COURSES]
at org.testng.Assert.fail(Assert.java:99)
at org.testng.Assert.failNotEquals(Assert.java:1037)
at org.testng.Assert.assertEqualsImpl(Assert.java:140)
at org.testng.Assert.assertEquals(Assert.java:122)
at org.testng.Assert.assertEquals(Assert.java:629)
at org.testng.Assert.assertEquals(Assert.java:639)
at seleniumPractice.EndTOEndProject.ValidateTitle.basePageNavigation(ValidateTitle.java:36)
at java.base/jdk.internal.reflect.NativeMethodAccessorImpl.invoke0(Native Method)
at java.base/jdk.internal.reflect.NativeMethodAccessorImpl.invoke(NativeMethodAccessorImpl.java:78)
at java.base/jdk.internal.reflect.DelegatingMethodAccessorImpl.invoke(DelegatingMethodAccessorImpl.java:43)
at java.base/java.lang.reflect.Method.invoke(Method.java:567)
at org.testng.internal.MethodInvocationHelper.invokeMethod(MethodInvocationHelper.java:133)
at org.testng.internal.TestInvoker.invokeMethod(TestInvoker.java:598)
at org.testng.internal.TestInvoker.invokeTestMethod(TestInvoker.java:173)
at org.testng.internal.MethodRunner.runInSequence(MethodRunner.java:46)
at org.testng.internal.TestInvoker$MethodInvocationAgent.invoke(TestInvoker.java:824)
at org.testng.internal.TestInvoker.invokeTestMethods(TestInvoker.java:146)
at org.testng.internal.TestMethodWorker.invokeTestMethods(TestMethodWorker.java:146)
at org.testng.internal.TestMethodWorker.run(TestMethodWorker.java:128)
at java.base/java.util.ArrayList.forEach(ArrayList.java:1511)
at org.testng.TestRunner.privateRun(TestRunner.java:794)
at org.testng.TestRunner.run(TestRunner.java:596)
at org.testng.SuiteRunner.runTest(SuiteRunner.java:377)
at org.testng.SuiteRunner.runSequentially(SuiteRunner.java:371)
at org.testng.SuiteRunner.privateRun(SuiteRunner.java:332)
at org.testng.SuiteRunner.run(SuiteRunner.java:276)
at org.testng.SuiteRunnerWorker.runSuite(SuiteRunnerWorker.java:53)
at org.testng.SuiteRunnerWorker.run(SuiteRunnerWorker.java:96)
at org.testng.TestNG.runSuitesSequentially(TestNG.java:1212)
at org.testng.TestNG.runSuitesLocally(TestNG.java:1134)
at org.testng.TestNG.runSuites(TestNG.java:1063)
at org.testng.TestNG.run(TestNG.java:1031)
at org.testng.remote.AbstractRemoteTestNG.run(AbstractRemoteTestNG.java:115)
at org.testng.remote.RemoteTestNG.initAndRun(RemoteTestNG.java:251)
at org.testng.remote.RemoteTestNG.main(RemoteTestNG.java:77)
]]>
            </full-stacktrace>
          </exception> <!-- java.lang.AssertionError -->
          <reporter-output>
          </reporter-output>
        </test-method> <!-- basePageNavigation -->
        <test-method is-config="true" signature="tearDown()[pri:0, instance:seleniumPractice.EndTOEndProject.ValidateTitle@4baf352a]" started-at="2021-11-19T01:18:17 IST" name="tearDown" finished-at="2021-11-19T01:18:17 IST" duration-ms="99" status="PASS">
          <reporter-output>
          </reporter-output>
        </test-method> <!-- tearDown -->
      </class> <!-- seleniumPractice.EndTOEndProject.ValidateTitle -->
    </test> <!-- ValidateTitle -->
    <test started-at="2021-11-19T01:18:17 IST" name="APITest" finished-at="2021-11-19T01:18:17 IST" duration-ms="2">
    </test> <!-- APITest -->
    <test started-at="2021-11-19T01:18:17 IST" name="ValidateNav" finished-at="2021-11-19T01:18:21 IST" duration-ms="3803">
      <class name="seleniumPractice.EndTOEndProject.ValidateNavigationBar">
        <test-method is-config="true" signature="initialize()[pri:0, instance:seleniumPractice.EndTOEndProject.ValidateNavigationBar@269f4bad]" started-at="2021-11-19T01:18:17 IST" name="initialize" finished-at="2021-11-19T01:18:20 IST" duration-ms="3611" status="PASS">
          <reporter-output>
          </reporter-output>
        </test-method> <!-- initialize -->
        <test-method signature="basePageNavigation()[pri:0, instance:seleniumPractice.EndTOEndProject.ValidateNavigationBar@269f4bad]" started-at="2021-11-19T01:18:20 IST" name="basePageNavigation" finished-at="2021-11-19T01:18:20 IST" duration-ms="85" status="PASS">
          <reporter-output>
          </reporter-output>
        </test-method> <!-- basePageNavigation -->
        <test-method is-config="true" signature="tearDown()[pri:0, instance:seleniumPractice.EndTOEndProject.ValidateNavigationBar@269f4bad]" started-at="2021-11-19T01:18:20 IST" name="tearDown" finished-at="2021-11-19T01:18:21 IST" duration-ms="103" status="PASS">
          <reporter-output>
          </reporter-output>
        </test-method> <!-- tearDown -->
      </class> <!-- seleniumPractice.EndTOEndProject.ValidateNavigationBar -->
    </test> <!-- ValidateNav -->
  </suite> <!-- Suite -->
</testng-results>
